I 20170617-1236:02.013 Main - Bot starting!  [main]
I 20170617-1236:04.381 Main - Bot started!  [main]
I 20170617-1236:16.169 bot.JavaBot - IN: update=(id=599935040, chat=204118884, user=204118884)  [test]
I 20170617-1236:16.169 bot.JavaBot - IN: 599935040 '/up'  [test]
I 20170617-1236:16.187 bot.JavaBot - CMD: 599935040 UpCommand{startTime=1497692163}   [test]
I 20170617-1236:16.188 bot.JavaBot - OUT: 599935040 '```'  [test]
I 20170617-1236:16.188 bot.JavaBot - OUT: 599935040 'I've been up for 13 seconds.'  [test]
I 20170617-1236:16.188 bot.JavaBot - OUT: 599935040 'That's 0 days, 0 hours, 0 minutes and 13 seconds.'  [test]
I 20170617-1236:16.188 bot.JavaBot - OUT: 599935040 '```'  [test]
I 20170617-1236:26.581 bot.JavaBot - IN: update=(id=599935041, chat=204118884, user=204118884)  [test]
I 20170617-1236:26.582 bot.JavaBot - IN: 599935041 '/nice'  [test]
I 20170617-1236:26.582 bot.JavaBot - CMD: 599935041 NiceCommand{}  [test]
I 20170617-1236:26.583 bot.JavaBot - OUT: 599935041 '```'  [test]
I 20170617-1236:26.583 bot.JavaBot - OUT: 599935041 'nice'  [test]
I 20170617-1236:26.583 bot.JavaBot - OUT: 599935041 '```'  [test]
I 20170617-1236:37.682 Main - Bot starting!  [main]
I 20170617-1236:39.955 Main - Bot started!  [main]
I 20170617-1236:41.586 bot.JavaBot - IN: update=(id=599935042, chat=204118884, user=204118884)  [BotMcBotfaceDevBot Telegram Executor]
I 20170617-1236:41.586 bot.JavaBot - IN: 599935042 '/nice'  [BotMcBotfaceDevBot Telegram Executor]
I 20170617-1236:41.595 bot.JavaBot - CMD: 599935042 NiceCommand{}  [BotMcBotfaceDevBot Telegram Executor]
I 20170617-1236:41.596 bot.JavaBot - OUT: 599935042 '```'  [BotMcBotfaceDevBot Telegram Executor]
I 20170617-1236:41.596 bot.JavaBot - OUT: 599935042 'nice'  [BotMcBotfaceDevBot Telegram Executor]
I 20170617-1236:41.597 bot.JavaBot - OUT: 599935042 '```'  [BotMcBotfaceDevBot Telegram Executor]
I 20170617-1237:02.037 bot.JavaBot - IN: update=(id=599935043, chat=204118884, user=204118884)  [BotMcBotfaceDevBot Telegram Executor]
I 20170617-1237:02.037 bot.JavaBot - IN: 599935043 '/up'  [BotMcBotfaceDevBot Telegram Executor]
I 20170617-1237:02.039 bot.JavaBot - CMD: 599935043 UpCommand{startTime=1497692199}   [BotMcBotfaceDevBot Telegram Executor]
I 20170617-1237:02.039 bot.JavaBot - OUT: 599935043 '```'  [BotMcBotfaceDevBot Telegram Executor]
I 20170617-1237:02.040 bot.JavaBot - OUT: 599935043 'I've been up for 23 seconds.'  [BotMcBotfaceDevBot Telegram Executor]
I 20170617-1237:02.040 bot.JavaBot - OUT: 599935043 'That's 0 days, 0 hours, 0 minutes and 23 seconds.'  [BotMcBotfaceDevBot Telegram Executor]
I 20170617-1237:02.040 bot.JavaBot - OUT: 599935043 '```'  [BotMcBotfaceDevBot Telegram Executor]
I 20170617-1237:32.872 bot.JavaBot - IN: update=(id=599935044, chat=204118884, user=204118884)  [BotMcBotfaceDevBot Telegram Executor]
I 20170617-1237:32.873 bot.JavaBot - IN: 599935044 '/java Test'  [BotMcBotfaceDevBot Telegram Executor]
I 20170617-1237:32.876 bot.JavaBot - CMD: 599935044 JavaCommand{className='Test', args=[], privacy=CHAT, id=204118884}  [BotMcBotfaceDevBot Telegram Executor]
I 20170617-1237:33.061 bot.JavaBot - OUT: 599935044 '```'  [BotMcBotfaceDevBot Telegram Executor]
I 20170617-1237:33.061 bot.JavaBot - OUT: 599935044 '1'  [BotMcBotfaceDevBot Telegram Executor]
I 20170617-1237:33.061 bot.JavaBot - OUT: 599935044 ''  [BotMcBotfaceDevBot Telegram Executor]
I 20170617-1237:33.061 bot.JavaBot - OUT: 599935044 '```'  [BotMcBotfaceDevBot Telegram Executor]
I 20170617-1237:50.825 bot.JavaBot - IN: update=(id=599935045, chat=204118884, user=204118884)  [BotMcBotfaceDevBot Telegram Executor]
I 20170617-1237:50.826 bot.JavaBot - IN: 599935045 '/java Test 1 2 3'  [BotMcBotfaceDevBot Telegram Executor]
I 20170617-1237:50.826 bot.JavaBot - CMD: 599935045 JavaCommand{className='Test', args=[1, 2, 3], privacy=CHAT, id=204118884}  [BotMcBotfaceDevBot Telegram Executor]
I 20170617-1237:50.982 bot.JavaBot - OUT: 599935045 '```'  [BotMcBotfaceDevBot Telegram Executor]
I 20170617-1237:50.982 bot.JavaBot - OUT: 599935045 '1'  [BotMcBotfaceDevBot Telegram Executor]
I 20170617-1237:50.983 bot.JavaBot - OUT: 599935045 ''  [BotMcBotfaceDevBot Telegram Executor]
I 20170617-1237:50.983 bot.JavaBot - OUT: 599935045 '```'  [BotMcBotfaceDevBot Telegram Executor]
I 20170617-1238:01.485 bot.JavaBot - IN: update=(id=599935046, chat=204118884, user=204118884)  [BotMcBotfaceDevBot Telegram Executor]
I 20170617-1238:01.486 bot.JavaBot - IN: 599935046 '/java '  [BotMcBotfaceDevBot Telegram Executor]
I 20170617-1238:01.486 bot.JavaBot - IN: 599935046 'Test 1 2 3'  [BotMcBotfaceDevBot Telegram Executor]
I 20170617-1238:01.486 bot.JavaBot - CMD: 599935046 JavaCommand{className='Test', args=[1, 2, 3], privacy=CHAT, id=204118884}  [BotMcBotfaceDevBot Telegram Executor]
I 20170617-1238:01.613 bot.JavaBot - OUT: 599935046 '```'  [BotMcBotfaceDevBot Telegram Executor]
I 20170617-1238:01.613 bot.JavaBot - OUT: 599935046 '1'  [BotMcBotfaceDevBot Telegram Executor]
I 20170617-1238:01.613 bot.JavaBot - OUT: 599935046 ''  [BotMcBotfaceDevBot Telegram Executor]
I 20170617-1238:01.613 bot.JavaBot - OUT: 599935046 '```'  [BotMcBotfaceDevBot Telegram Executor]
I 20170617-1240:32.023 Main - Bot starting!  [main]
I 20170617-1240:34.367 Main - Bot started!  [main]
I 20170617-1240:35.451 bot.JavaBot - IN: update=(id=599935047, chat=204118884, user=204118884)  [BotMcBotfaceDevBot Telegram Executor]
I 20170617-1240:35.451 bot.JavaBot - IN: 599935047 '/nice'  [BotMcBotfaceDevBot Telegram Executor]
I 20170617-1240:35.461 bot.JavaBot - CMD: 599935047 NiceCommand{}  [BotMcBotfaceDevBot Telegram Executor]
I 20170617-1240:35.462 bot.JavaBot - OUT: 599935047 '```'  [BotMcBotfaceDevBot Telegram Executor]
I 20170617-1240:35.462 bot.JavaBot - OUT: 599935047 'nice'  [BotMcBotfaceDevBot Telegram Executor]
I 20170617-1240:35.463 bot.JavaBot - OUT: 599935047 '```'  [BotMcBotfaceDevBot Telegram Executor]
I 20170617-1242:31.701 Main - Bot starting!  [main]
I 20170617-1242:34.309 Main - Bot started!  [main]
I 20170617-1242:37.204 bot.JavaBot - IN: update=(id=599935048, chat=204118884, user=204118884)  [599935048-COOLBOY69]
I 20170617-1242:37.204 bot.JavaBot - IN: 599935048 '/up'  [599935048-COOLBOY69]
I 20170617-1242:37.214 bot.JavaBot - CMD: 599935048 UpCommand{startTime=1497692553}   [599935048-COOLBOY69]
I 20170617-1242:37.214 bot.JavaBot - OUT: 599935048 '```'  [599935048-COOLBOY69]
I 20170617-1242:37.215 bot.JavaBot - OUT: 599935048 'I've been up for 4 seconds.'  [599935048-COOLBOY69]
I 20170617-1242:37.215 bot.JavaBot - OUT: 599935048 'That's 0 days, 0 hours, 0 minutes and 4 seconds.'  [599935048-COOLBOY69]
I 20170617-1242:37.215 bot.JavaBot - OUT: 599935048 '```'  [599935048-COOLBOY69]
I 20170617-1245:38.549 Main - Bot starting!  [main]
I 20170617-1245:41.582 Main - Bot started!  [main]
I 20170617-1245:47.187 bot.JavaBot - IN: update=(id=599935049, chat=204118884, user=204118884)  [599935049-COOLBOY69]
I 20170617-1245:47.188 bot.JavaBot - IN:  '/nicee'  [599935049-COOLBOY69]
I 20170617-1245:47.197 bot.JavaBot - CMD: JavaCommand{className='nicee', args=[], privacy=CHAT, id=204118884}  [599935049-COOLBOY69]
I 20170617-1245:47.199 bot.JavaBot - OUT: '```'  [599935049-COOLBOY69]
I 20170617-1245:47.199 bot.JavaBot - OUT: 'Database doesn't contain script named 'nicee''  [599935049-COOLBOY69]
I 20170617-1245:47.199 bot.JavaBot - OUT: '```'  [599935049-COOLBOY69]
I 20170617-1245:55.022 bot.JavaBot - IN: update=(id=599935050, chat=204118884, user=204118884)  [599935049-COOLBOY69]
I 20170617-1245:55.022 bot.JavaBot - IN:  '/nice'  [599935049-COOLBOY69]
I 20170617-1245:55.024 bot.JavaBot - CMD: NiceCommand{}  [599935049-COOLBOY69]
I 20170617-1245:55.025 bot.JavaBot - OUT: '```'  [599935049-COOLBOY69]
I 20170617-1245:55.025 bot.JavaBot - OUT: 'nice'  [599935049-COOLBOY69]
I 20170617-1245:55.025 bot.JavaBot - OUT: '```'  [599935049-COOLBOY69]
I 20170617-1246:12.116 bot.JavaBot - IN: update=(id=599935051, chat=204118884, user=204118884)  [599935049-COOLBOY69]
I 20170617-1246:12.117 bot.JavaBot - IN:  '/Nice'  [599935049-COOLBOY69]
I 20170617-1246:12.117 bot.JavaBot - CMD: JavaCommand{className='Nice', args=[], privacy=CHAT, id=204118884}  [599935049-COOLBOY69]
I 20170617-1246:12.118 bot.JavaBot - OUT: '```'  [599935049-COOLBOY69]
I 20170617-1246:12.118 bot.JavaBot - OUT: 'Database doesn't contain script named 'Nice''  [599935049-COOLBOY69]
I 20170617-1246:12.118 bot.JavaBot - OUT: '```'  [599935049-COOLBOY69]
I 20170617-1246:38.827 bot.JavaBot - IN: update=(id=599935052, chat=204118884, user=204118884)  [599935049-COOLBOY69]
I 20170617-1246:38.827 bot.JavaBot - IN:  '/up'  [599935049-COOLBOY69]
I 20170617-1246:38.828 bot.JavaBot - CMD: UpCommand{startTime=1497692739}   [599935049-COOLBOY69]
I 20170617-1246:38.828 bot.JavaBot - OUT: '```'  [599935049-COOLBOY69]
I 20170617-1246:38.828 bot.JavaBot - OUT: 'I've been up for 59 seconds.'  [599935049-COOLBOY69]
I 20170617-1246:38.828 bot.JavaBot - OUT: 'That's 0 days, 0 hours, 0 minutes and 59 seconds.'  [599935049-COOLBOY69]
I 20170617-1246:38.829 bot.JavaBot - OUT: '```'  [599935049-COOLBOY69]
I 20170617-1249:09.611 Main - Bot starting!  [main]
I 20170617-1249:11.666 Main - Bot started!  [main]
I 20170617-1249:13.259 bot.JavaBot - IN: update=(id=599935053, chat=204118884, user=204118884)  [599935053-204118884-COOLBOY69]
I 20170617-1249:13.259 bot.JavaBot - IN:  '/up'  [599935053-204118884-COOLBOY69]
I 20170617-1249:13.286 bot.JavaBot - CMD: UpCommand{startTime=1497692951}   [599935053-204118884-COOLBOY69]
I 20170617-1249:13.288 bot.JavaBot - OUT: '```'  [599935053-204118884-COOLBOY69]
I 20170617-1249:13.289 bot.JavaBot - OUT: 'I've been up for 2 seconds.'  [599935053-204118884-COOLBOY69]
I 20170617-1249:13.289 bot.JavaBot - OUT: 'That's 0 days, 0 hours, 0 minutes and 2 seconds.'  [599935053-204118884-COOLBOY69]
I 20170617-1249:13.290 bot.JavaBot - OUT: '```'  [599935053-204118884-COOLBOY69]
I 20170617-1313:44.447 bot.JavaBot - IN: update=(id=0, chat=0, user=0)  [0-0-null]
I 20170617-1313:44.450 bot.JavaBot - IN:  '/upp'  [0-0-null]
I 20170617-1313:44.469 bot.JavaBot - CMD: JavaCommand{className='upp', args=[], privacy=CHAT, id=0}  [0-0-null]
I 20170617-1313:44.481 bot.JavaBot - IN: update=(id=0, chat=0, user=0)  [0-0-null]
I 20170617-1313:44.481 bot.JavaBot - IN:  '/destroyUniverse'  [0-0-null]
I 20170617-1313:44.482 bot.JavaBot - CMD: JavaCommand{className='destroyUniverse', args=[], privacy=CHAT, id=0}  [0-0-null]
I 20170617-1313:44.488 bot.JavaBot - IN: update=(id=0, chat=0, user=0)  [0-0-null]
I 20170617-1313:44.489 bot.JavaBot - IN:  '/sudo rm -rf --no-preserve-root /'  [0-0-null]
I 20170617-1313:44.489 bot.JavaBot - CMD: JavaCommand{className='sudo', args=[rm, -rf, --no-preserve-root, /], privacy=CHAT, id=0}  [0-0-null]
I 20170617-1313:44.495 bot.JavaBot - IN: update=(id=0, chat=0, user=0)  [0-0-null]
I 20170617-1313:44.496 bot.JavaBot - IN:  '/java Test'  [0-0-null]
I 20170617-1313:44.497 bot.JavaBot - CMD: JavaCommand{className='Test', args=[], privacy=CHAT, id=0}  [0-0-null]
I 20170617-1313:44.502 bot.JavaBot - IN: update=(id=0, chat=0, user=0)  [0-0-null]
I 20170617-1313:44.503 bot.JavaBot - IN:  '/delete'  [0-0-null]
I 20170617-1313:44.509 bot.JavaBot - IN: update=(id=0, chat=0, user=0)  [0-0-null]
I 20170617-1313:44.509 bot.JavaBot - IN:  '/java'  [0-0-null]
I 20170617-1313:44.518 bot.JavaBot - IN: update=(id=0, chat=0, user=0)  [0-0-null]
I 20170617-1313:44.518 bot.JavaBot - IN:  '/javac'  [0-0-null]
I 20170617-1313:44.524 bot.JavaBot - IN: update=(id=0, chat=0, user=0)  [0-0-null]
I 20170617-1313:44.525 bot.JavaBot - IN:  '/javac -m'  [0-0-null]
I 20170617-1313:44.531 bot.JavaBot - IN: update=(id=0, chat=0, user=0)  [0-0-null]
I 20170617-1313:44.531 bot.JavaBot - IN:  '/javac -m Test'  [0-0-null]
I 20170617-1313:44.536 bot.JavaBot - IN: update=(id=0, chat=0, user=0)  [0-0-null]
I 20170617-1313:44.537 bot.JavaBot - IN:  '/javac -m -p'  [0-0-null]
I 20170617-1313:44.546 bot.JavaBot - IN: update=(id=0, chat=0, user=0)  [0-0-null]
I 20170617-1313:44.546 bot.JavaBot - IN:  '/javac -m Test -p'  [0-0-null]
I 20170617-1313:44.557 bot.JavaBot - IN: update=(id=0, chat=0, user=0)  [0-0-null]
I 20170617-1313:44.557 bot.JavaBot - IN:  '/nice'  [0-0-null]
I 20170617-1313:44.558 bot.JavaBot - CMD: NiceCommand{}  [0-0-null]
I 20170617-1313:44.567 bot.JavaBot - IN: update=(id=0, chat=0, user=0)  [0-0-null]
I 20170617-1313:44.568 bot.JavaBot - IN:  'nice'  [0-0-null]
I 20170617-1313:44.588 bot.JavaBot - IN: update=(id=0, chat=0, user=0)  [0-0-null]
I 20170617-1313:44.588 bot.JavaBot - IN:  '/up'  [0-0-null]
I 20170617-1313:44.589 bot.JavaBot - CMD: UpCommand{startTime=1497694424}   [0-0-null]
I 20170617-1313:44.598 bot.JavaBot - IN: update=(id=0, chat=0, user=0)  [0-0-null]
I 20170617-1313:44.599 bot.JavaBot - IN:  '/javac -m Test System.out.println(1);'  [0-0-null]
I 20170617-1313:44.600 bot.JavaBot - CMD: JavacCommand{dao=dao.WriteToDiskBotDAO@3042d7, privacy=CHAT, id=0}   [0-0-null]
I 20170617-1313:45.736 bot.JavaBot - IN: update=(id=0, chat=0, user=0)  [0-0-null]
I 20170617-1313:45.736 bot.JavaBot - IN:  '/java Test'  [0-0-null]
I 20170617-1313:45.737 bot.JavaBot - CMD: JavaCommand{className='Test', args=[], privacy=CHAT, id=0}  [0-0-null]
I 20170617-1313:45.878 bot.JavaBot - IN: update=(id=0, chat=0, user=0)  [0-0-null]
I 20170617-1313:45.878 bot.JavaBot - IN:  '/javac -m Test System.out.println(args[0] + args[1]);'  [0-0-null]
I 20170617-1313:45.879 bot.JavaBot - CMD: JavacCommand{dao=dao.WriteToDiskBotDAO@1408dc3, privacy=CHAT, id=0}   [0-0-null]
I 20170617-1313:46.567 bot.JavaBot - IN: update=(id=0, chat=0, user=0)  [0-0-null]
I 20170617-1313:46.567 bot.JavaBot - IN:  '/Test 1 2'  [0-0-null]
I 20170617-1313:46.568 bot.JavaBot - CMD: JavaCommand{className='Test', args=[1, 2], privacy=CHAT, id=0}  [0-0-null]
I 20170617-1313:46.723 bot.JavaBot - IN: update=(id=0, chat=0, user=0)  [0-0-null]
I 20170617-1313:46.723 bot.JavaBot - IN:  '/delete Test'  [0-0-null]
I 20170617-1313:46.724 bot.JavaBot - CMD: DeleteCommand{dao=dao.WriteToDiskBotDAO@2fad19, argument='Test', privacy=CHAT, id=0}   [0-0-null]
I 20170617-1313:46.733 bot.JavaBot - IN: update=(id=0, chat=0, user=0)  [0-0-null]
I 20170617-1313:46.734 bot.JavaBot - IN:  '/javac -m Test System.out.println(1);'  [0-0-null]
I 20170617-1313:46.735 bot.JavaBot - CMD: JavacCommand{dao=dao.WriteToDiskBotDAO@54db99, privacy=CHAT, id=0}   [0-0-null]
I 20170617-1313:47.586 bot.JavaBot - IN: update=(id=0, chat=0, user=0)  [0-0-null]
I 20170617-1313:47.586 bot.JavaBot - IN:  '/Test'  [0-0-null]
I 20170617-1313:47.586 bot.JavaBot - CMD: JavaCommand{className='Test', args=[], privacy=CHAT, id=0}  [0-0-null]
I 20170617-1313:47.819 bot.JavaBot - IN: update=(id=0, chat=0, user=0)  [0-0-null]
I 20170617-1313:47.820 bot.JavaBot - IN:  '/help'  [0-0-null]
I 20170617-1313:47.822 bot.JavaBot - CMD: HelpCommand{}  [0-0-null]
I 20170617-1313:47.832 bot.JavaBot - IN: update=(id=0, chat=0, user=0)  [0-0-null]
I 20170617-1313:47.832 bot.JavaBot - IN:  '/list'  [0-0-null]
I 20170617-1313:47.834 bot.JavaBot - CMD: ListCommand{dao=dao.WriteToDiskBotDAO@3298d7, privacy=CHAT, id=0}   [0-0-null]
I 20170617-1313:47.856 bot.JavaBot - IN: update=(id=0, chat=0, user=0)  [0-0-null]
I 20170617-1313:47.856 bot.JavaBot - IN:  '/javac -m Test System.out.println(1);'  [0-0-null]
I 20170617-1313:47.858 bot.JavaBot - CMD: JavacCommand{dao=dao.WriteToDiskBotDAO@164305a, privacy=CHAT, id=0}   [0-0-null]
I 20170617-1316:10.137 bot.JavaBot - IN: update=(id=0, chat=0, user=0)  [0-0-null]
I 20170617-1316:10.140 bot.JavaBot - IN:  '/upp'  [0-0-null]
I 20170617-1316:10.153 bot.JavaBot - CMD: JavaCommand{className='upp', args=[], privacy=CHAT, id=0}  [0-0-null]
I 20170617-1316:10.162 bot.JavaBot - IN: update=(id=0, chat=0, user=0)  [0-0-null]
I 20170617-1316:10.163 bot.JavaBot - IN:  '/destroyUniverse'  [0-0-null]
I 20170617-1316:10.164 bot.JavaBot - CMD: JavaCommand{className='destroyUniverse', args=[], privacy=CHAT, id=0}  [0-0-null]
I 20170617-1316:10.170 bot.JavaBot - IN: update=(id=0, chat=0, user=0)  [0-0-null]
I 20170617-1316:10.170 bot.JavaBot - IN:  '/sudo rm -rf --no-preserve-root /'  [0-0-null]
I 20170617-1316:10.171 bot.JavaBot - CMD: JavaCommand{className='sudo', args=[rm, -rf, --no-preserve-root, /], privacy=CHAT, id=0}  [0-0-null]
I 20170617-1316:10.177 bot.JavaBot - IN: update=(id=0, chat=0, user=0)  [0-0-null]
I 20170617-1316:10.177 bot.JavaBot - IN:  '/java Test'  [0-0-null]
I 20170617-1316:10.178 bot.JavaBot - CMD: JavaCommand{className='Test', args=[], privacy=CHAT, id=0}  [0-0-null]
I 20170617-1316:10.183 bot.JavaBot - IN: update=(id=0, chat=0, user=0)  [0-0-null]
I 20170617-1316:10.184 bot.JavaBot - IN:  '/delete'  [0-0-null]
I 20170617-1316:10.194 bot.JavaBot - IN: update=(id=0, chat=0, user=0)  [0-0-null]
I 20170617-1316:10.194 bot.JavaBot - IN:  '/java'  [0-0-null]
I 20170617-1316:10.200 bot.JavaBot - IN: update=(id=0, chat=0, user=0)  [0-0-null]
I 20170617-1316:10.200 bot.JavaBot - IN:  '/javac'  [0-0-null]
I 20170617-1316:10.206 bot.JavaBot - IN: update=(id=0, chat=0, user=0)  [0-0-null]
I 20170617-1316:10.206 bot.JavaBot - IN:  '/javac -m'  [0-0-null]
I 20170617-1316:10.212 bot.JavaBot - IN: update=(id=0, chat=0, user=0)  [0-0-null]
I 20170617-1316:10.213 bot.JavaBot - IN:  '/javac -m Test'  [0-0-null]
I 20170617-1316:10.222 bot.JavaBot - IN: update=(id=0, chat=0, user=0)  [0-0-null]
I 20170617-1316:10.223 bot.JavaBot - IN:  '/javac -m -p'  [0-0-null]
I 20170617-1316:10.228 bot.JavaBot - IN: update=(id=0, chat=0, user=0)  [0-0-null]
I 20170617-1316:10.228 bot.JavaBot - IN:  '/javac -m Test -p'  [0-0-null]
I 20170617-1316:10.240 bot.JavaBot - IN: update=(id=0, chat=0, user=0)  [0-0-null]
I 20170617-1316:10.240 bot.JavaBot - IN:  '/nice'  [0-0-null]
I 20170617-1316:10.241 bot.JavaBot - CMD: NiceCommand{}  [0-0-null]
I 20170617-1316:10.251 bot.JavaBot - IN: update=(id=0, chat=0, user=0)  [0-0-null]
I 20170617-1316:10.252 bot.JavaBot - IN:  'nice'  [0-0-null]
I 20170617-1316:10.266 bot.JavaBot - IN: update=(id=0, chat=0, user=0)  [0-0-null]
I 20170617-1316:10.267 bot.JavaBot - IN:  '/up'  [0-0-null]
I 20170617-1316:10.268 bot.JavaBot - CMD: UpCommand{startTime=1497694570}   [0-0-null]
I 20170617-1316:10.276 bot.JavaBot - IN: update=(id=0, chat=0, user=0)  [0-0-null]
I 20170617-1316:10.277 bot.JavaBot - IN:  '/javac -m Test System.out.println(1);'  [0-0-null]
I 20170617-1316:10.278 bot.JavaBot - CMD: JavacCommand{dao=dao.WriteToDiskBotDAO@3042d7, privacy=CHAT, id=0}   [0-0-null]
I 20170617-1316:11.281 bot.JavaBot - IN: update=(id=0, chat=0, user=0)  [0-0-null]
I 20170617-1316:11.281 bot.JavaBot - IN:  '/java Test'  [0-0-null]
I 20170617-1316:11.282 bot.JavaBot - CMD: JavaCommand{className='Test', args=[], privacy=CHAT, id=0}  [0-0-null]
I 20170617-1316:11.424 bot.JavaBot - IN: update=(id=0, chat=0, user=0)  [0-0-null]
I 20170617-1316:11.424 bot.JavaBot - IN:  '/javac -m Test System.out.println(args[0] + args[1]);'  [0-0-null]
I 20170617-1316:11.425 bot.JavaBot - CMD: JavacCommand{dao=dao.WriteToDiskBotDAO@1408dc3, privacy=CHAT, id=0}   [0-0-null]
I 20170617-1316:12.458 bot.JavaBot - IN: update=(id=0, chat=0, user=0)  [0-0-null]
I 20170617-1316:12.458 bot.JavaBot - IN:  '/Test 1 2'  [0-0-null]
I 20170617-1316:12.459 bot.JavaBot - CMD: JavaCommand{className='Test', args=[1, 2], privacy=CHAT, id=0}  [0-0-null]
I 20170617-1316:12.719 bot.JavaBot - IN: update=(id=0, chat=0, user=0)  [0-0-null]
I 20170617-1316:12.720 bot.JavaBot - IN:  '/delete Test'  [0-0-null]
I 20170617-1316:12.721 bot.JavaBot - CMD: DeleteCommand{dao=dao.WriteToDiskBotDAO@2fad19, argument='Test', privacy=CHAT, id=0}   [0-0-null]
I 20170617-1316:12.730 bot.JavaBot - IN: update=(id=0, chat=0, user=0)  [0-0-null]
I 20170617-1316:12.730 bot.JavaBot - IN:  '/javac -m Test System.out.println(1);'  [0-0-null]
I 20170617-1316:12.731 bot.JavaBot - CMD: JavacCommand{dao=dao.WriteToDiskBotDAO@54db99, privacy=CHAT, id=0}   [0-0-null]
I 20170617-1316:13.480 bot.JavaBot - IN: update=(id=0, chat=0, user=0)  [0-0-null]
I 20170617-1316:13.480 bot.JavaBot - IN:  '/Test'  [0-0-null]
I 20170617-1316:13.481 bot.JavaBot - CMD: JavaCommand{className='Test', args=[], privacy=CHAT, id=0}  [0-0-null]
I 20170617-1316:13.634 bot.JavaBot - IN: update=(id=0, chat=0, user=0)  [0-0-null]
I 20170617-1316:13.635 bot.JavaBot - IN:  '/help'  [0-0-null]
I 20170617-1316:13.636 bot.JavaBot - CMD: HelpCommand{}  [0-0-null]
I 20170617-1316:13.641 bot.JavaBot - IN: update=(id=0, chat=0, user=0)  [0-0-null]
I 20170617-1316:13.641 bot.JavaBot - IN:  '/list'  [0-0-null]
I 20170617-1316:13.642 bot.JavaBot - CMD: ListCommand{dao=dao.WriteToDiskBotDAO@3298d7, privacy=CHAT, id=0}   [0-0-null]
I 20170617-1316:13.653 bot.JavaBot - IN: update=(id=0, chat=0, user=0)  [0-0-null]
I 20170617-1316:13.653 bot.JavaBot - IN:  '/javac -m Test System.out.println(1);'  [0-0-null]
I 20170617-1316:13.654 bot.JavaBot - CMD: JavacCommand{dao=dao.WriteToDiskBotDAO@164305a, privacy=CHAT, id=0}   [0-0-null]
